<?xml version="1.0" encoding="UTF-8"?>
<!-- Generated by org.testng.reporters.JUnitReportReporter -->
<testsuite skipped="0" hostname="Srinivasantham" name="qaclickacademy.Mavenjava.AppiumTest" tests="2" failures="0" timestamp="17 Jun 2020 06:43:44 GMT" time="0.016" errors="0">
  <testcase name="nativeAppAndroid" time="0.000" classname="qaclickacademy.Mavenjava.AppiumTest"/>
  <testcase name="iOSApp" time="0.016" classname="qaclickacademy.Mavenjava.AppiumTest"/>
</testsuite> <!-- qaclickacademy.Mavenjava.AppiumTest -->
