<?xml version="1.0" encoding="UTF-8"?>
<!-- Generated by org.testng.reporters.JUnitReportReporter -->
<testsuite hostname="Srinivasantham" failures="0" tests="2" name="qaclickacademy.Mavenjava.RESTAPITest" time="0.016" errors="0" timestamp="16 Jun 2020 14:32:48 GMT" skipped="0">
  <testcase classname="qaclickacademy.Mavenjava.RESTAPITest" name="deleteTwitter" time="0.016"/>
  <testcase classname="qaclickacademy.Mavenjava.RESTAPITest" name="postJira" time="0.000"/>
</testsuite> <!-- qaclickacademy.Mavenjava.RESTAPITest -->
