<?xml version="1.0" encoding="UTF-8"?>
<!-- Generated by org.testng.reporters.JUnitReportReporter -->
<testsuite hostname="Srinivasantham" failures="0" tests="2" name="qaclickacademy.Mavenjava.AppiumTest" time="0.000" errors="0" timestamp="16 Jun 2020 14:32:48 GMT" skipped="0">
  <testcase classname="qaclickacademy.Mavenjava.AppiumTest" name="iOSApp" time="0.000"/>
  <testcase classname="qaclickacademy.Mavenjava.AppiumTest" name="nativeAppAndroid" time="0.000"/>
</testsuite> <!-- qaclickacademy.Mavenjava.AppiumTest -->
